Build started 10/31/2012 5:39:00 PM.
     1>Project "C:\cocos2d-2.0-x-2.0.2\SpaceVikings\proj.win32\SpaceVikings.win32.vcxproj" on node 3 (build target(s)).
     1>InitializeBuildStatus:
         Creating "Debug.win32\SpaceVikings.win32.unsuccessfulbuild" because "AlwaysCreate" was specified.
       ClCompile:
         c:\Program Files (x86)\Microsoft Visual Studio 10.0\VC\bin\CL.exe /c /I. /I..\Classes /I"C:\cocos2d-2.0-x-2.0.2\cocos2dx" /I"C:\cocos2d-2.0-x-2.0.2\cocos2dx\include" /I"C:\cocos2d-2.0-x-2.0.2\cocos2dx\kazmath\include" /I"C:\cocos2d-2.0-x-2.0.2\cocos2dx\platform\win32" /I"C:\cocos2d-2.0-x-2.0.2\cocos2dx\platform\third_party\win32" /I"C:\cocos2d-2.0-x-2.0.2\cocos2dx\platform\third_party\win32\OGLES" /I"C:\cocos2d-2.0-x-2.0.2\CocosDenshion\include" /ZI /nologo /W3 /WX- /Od /Oy- /D WIN32 /D _WINDOWS /D STRICT /D _CRT_SECURE_NO_WARNINGS /D _SCL_SECURE_NO_WARNINGS_DEBUG /D COCOS2D_DEBUG=1 /D _UNICODE /D UNICODE /Gm /EHsc /RTC1 /MDd /GS /fp:precise /Zc:wchar_t /Zc:forScope /Fo"Debug.win32\\" /Fd"Debug.win32\vc100.pdb" /Gd /TP /wd4267 /wd4251 /wd4244 /analyze- /errorReport:prompt ..\Classes\AppDelegate.cpp ..\Classes\Credits.cpp ..\Classes\Enemy.cpp ..\Classes\GameOptions.cpp ..\Classes\HelloWorldScene.cpp ..\Classes\InstructionsScene.cpp ..\Classes\Level.cpp ..\Classes\OptionsMenu.cpp ..\Classes\Player.cpp ..\Classes\Projectile.cpp ..\Classes\SpaceScene.cpp ..\Classes\SplashScene.cpp ..\Classes\StartScene.cpp ..\Classes\Taco.cpp ..\Classes\Upgrades.cpp main.cpp
         main.cpp
         Upgrades.cpp
         Taco.cpp
         StartScene.cpp
     1>c:\cocos2d-2.0-x-2.0.2\spacevikings\classes\startscene.cpp(37): warning C4996: 'cocos2d::CCSprite::spriteWithFile': was declared deprecated
                 c:\cocos2d-2.0-x-2.0.2\cocos2dx\sprite_nodes\ccsprite.h(180) : see declaration of 'cocos2d::CCSprite::spriteWithFile'
     1>c:\cocos2d-2.0-x-2.0.2\spacevikings\classes\startscene.cpp(44): warning C4996: 'cocos2d::CCDelayTime::actionWithDuration': was declared deprecated
                 c:\cocos2d-2.0-x-2.0.2\cocos2dx\actions\ccactioninterval.h(760) : see declaration of 'cocos2d::CCDelayTime::actionWithDuration'
     1>c:\cocos2d-2.0-x-2.0.2\spacevikings\classes\startscene.cpp(45): warning C4996: 'cocos2d::CCFadeIn::actionWithDuration': was declared deprecated
                 c:\cocos2d-2.0-x-2.0.2\cocos2dx\actions\ccactioninterval.h(640) : see declaration of 'cocos2d::CCFadeIn::actionWithDuration'
     1>c:\cocos2d-2.0-x-2.0.2\spacevikings\classes\startscene.cpp(46): warning C4996: 'cocos2d::CCDelayTime::actionWithDuration': was declared deprecated
                 c:\cocos2d-2.0-x-2.0.2\cocos2dx\actions\ccactioninterval.h(760) : see declaration of 'cocos2d::CCDelayTime::actionWithDuration'
     1>c:\cocos2d-2.0-x-2.0.2\spacevikings\classes\startscene.cpp(47): warning C4996: 'cocos2d::CCCallFunc::actionWithTarget': was declared deprecated
                 c:\cocos2d-2.0-x-2.0.2\cocos2dx\actions\ccactioninstant.h(229) : see declaration of 'cocos2d::CCCallFunc::actionWithTarget'
     1>c:\cocos2d-2.0-x-2.0.2\spacevikings\classes\startscene.cpp(48): warning C4996: 'cocos2d::CCSequence::actions': was declared deprecated
                 c:\cocos2d-2.0-x-2.0.2\cocos2dx\actions\ccactioninterval.h(118) : see declaration of 'cocos2d::CCSequence::actions'
     1>c:\cocos2d-2.0-x-2.0.2\spacevikings\classes\startscene.cpp(57): warning C4996: 'cocos2d::CCTransitionFade::transitionWithDuration': was declared deprecated
                 c:\cocos2d-2.0-x-2.0.2\cocos2dx\layers_scenes_transitions_nodes\cctransition.h(477) : see declaration of 'cocos2d::CCTransitionFade::transitionWithDuration'
         SplashScene.cpp
     1>c:\cocos2d-2.0-x-2.0.2\spacevikings\classes\splashscene.cpp(37): warning C4996: 'cocos2d::CCSprite::spriteWithFile': was declared deprecated
                 c:\cocos2d-2.0-x-2.0.2\cocos2dx\sprite_nodes\ccsprite.h(180) : see declaration of 'cocos2d::CCSprite::spriteWithFile'
     1>c:\cocos2d-2.0-x-2.0.2\spacevikings\classes\splashscene.cpp(44): warning C4996: 'cocos2d::CCDelayTime::actionWithDuration': was declared deprecated
                 c:\cocos2d-2.0-x-2.0.2\cocos2dx\actions\ccactioninterval.h(760) : see declaration of 'cocos2d::CCDelayTime::actionWithDuration'
     1>c:\cocos2d-2.0-x-2.0.2\spacevikings\classes\splashscene.cpp(45): warning C4996: 'cocos2d::CCFadeIn::actionWithDuration': was declared deprecated
                 c:\cocos2d-2.0-x-2.0.2\cocos2dx\actions\ccactioninterval.h(640) : see declaration of 'cocos2d::CCFadeIn::actionWithDuration'
     1>c:\cocos2d-2.0-x-2.0.2\spacevikings\classes\splashscene.cpp(46): warning C4996: 'cocos2d::CCDelayTime::actionWithDuration': was declared deprecated
                 c:\cocos2d-2.0-x-2.0.2\cocos2dx\actions\ccactioninterval.h(760) : see declaration of 'cocos2d::CCDelayTime::actionWithDuration'
     1>c:\cocos2d-2.0-x-2.0.2\spacevikings\classes\splashscene.cpp(47): warning C4996: 'cocos2d::CCSequence::actions': was declared deprecated
                 c:\cocos2d-2.0-x-2.0.2\cocos2dx\actions\ccactioninterval.h(118) : see declaration of 'cocos2d::CCSequence::actions'
         SpaceScene.cpp
     1>c:\cocos2d-2.0-x-2.0.2\spacevikings\classes\spacescene.cpp(199): warning C4996: 'cocos2d::CCMoveTo::actionWithDuration': was declared deprecated
                 c:\cocos2d-2.0-x-2.0.2\cocos2dx\actions\ccactioninterval.h(352) : see declaration of 'cocos2d::CCMoveTo::actionWithDuration'
     1>c:\cocos2d-2.0-x-2.0.2\spacevikings\classes\spacescene.cpp(200): warning C4996: 'cocos2d::CCCallFuncN::actionWithTarget': was declared deprecated
                 c:\cocos2d-2.0-x-2.0.2\cocos2dx\actions\ccactioninstant.h(294) : see declaration of 'cocos2d::CCCallFuncN::actionWithTarget'
     1>c:\cocos2d-2.0-x-2.0.2\spacevikings\classes\spacescene.cpp(201): warning C4996: 'cocos2d::CCSequence::actions': was declared deprecated
                 c:\cocos2d-2.0-x-2.0.2\cocos2dx\actions\ccactioninterval.h(118) : see declaration of 'cocos2d::CCSequence::actions'
     1>c:\cocos2d-2.0-x-2.0.2\spacevikings\classes\spacescene.cpp(237): warning C4996: 'cocos2d::CCMoveTo::actionWithDuration': was declared deprecated
                 c:\cocos2d-2.0-x-2.0.2\cocos2dx\actions\ccactioninterval.h(352) : see declaration of 'cocos2d::CCMoveTo::actionWithDuration'
     1>c:\cocos2d-2.0-x-2.0.2\spacevikings\classes\spacescene.cpp(238): warning C4996: 'cocos2d::CCCallFuncN::actionWithTarget': was declared deprecated
                 c:\cocos2d-2.0-x-2.0.2\cocos2dx\actions\ccactioninstant.h(294) : see declaration of 'cocos2d::CCCallFuncN::actionWithTarget'
     1>c:\cocos2d-2.0-x-2.0.2\spacevikings\classes\spacescene.cpp(239): warning C4996: 'cocos2d::CCSequence::actions': was declared deprecated
                 c:\cocos2d-2.0-x-2.0.2\cocos2dx\actions\ccactioninterval.h(118) : see declaration of 'cocos2d::CCSequence::actions'
     1>c:\cocos2d-2.0-x-2.0.2\spacevikings\classes\spacescene.cpp(278): warning C4996: 'cocos2d::CCMoveTo::actionWithDuration': was declared deprecated
                 c:\cocos2d-2.0-x-2.0.2\cocos2dx\actions\ccactioninterval.h(352) : see declaration of 'cocos2d::CCMoveTo::actionWithDuration'
     1>c:\cocos2d-2.0-x-2.0.2\spacevikings\classes\spacescene.cpp(280): warning C4996: 'cocos2d::CCSequence::actions': was declared deprecated
                 c:\cocos2d-2.0-x-2.0.2\cocos2dx\actions\ccactioninterval.h(118) : see declaration of 'cocos2d::CCSequence::actions'
     1>c:\cocos2d-2.0-x-2.0.2\spacevikings\classes\spacescene.cpp(282): warning C4996: 'cocos2d::CCMoveTo::actionWithDuration': was declared deprecated
                 c:\cocos2d-2.0-x-2.0.2\cocos2dx\actions\ccactioninterval.h(352) : see declaration of 'cocos2d::CCMoveTo::actionWithDuration'
     1>c:\cocos2d-2.0-x-2.0.2\spacevikings\classes\spacescene.cpp(284): warning C4996: 'cocos2d::CCSequence::actions': was declared deprecated
                 c:\cocos2d-2.0-x-2.0.2\cocos2dx\actions\ccactioninterval.h(118) : see declaration of 'cocos2d::CCSequence::actions'
     1>c:\cocos2d-2.0-x-2.0.2\spacevikings\classes\spacescene.cpp(273): warning C4101: 'f' : unreferenced local variable
     1>c:\cocos2d-2.0-x-2.0.2\spacevikings\classes\spacescene.cpp(273): warning C4101: 't' : unreferenced local variable
     1>c:\cocos2d-2.0-x-2.0.2\spacevikings\classes\spacescene.cpp(417): warning C4305: 'argument' : truncation from 'double' to 'float'
     1>c:\cocos2d-2.0-x-2.0.2\spacevikings\classes\spacescene.cpp(512): warning C4996: 'cocos2d::CCSprite::spriteWithFile': was declared deprecated
                 c:\cocos2d-2.0-x-2.0.2\cocos2dx\sprite_nodes\ccsprite.h(186) : see declaration of 'cocos2d::CCSprite::spriteWithFile'
     1>c:\cocos2d-2.0-x-2.0.2\spacevikings\classes\spacescene.cpp(516): warning C4996: 'cocos2d::CCSprite::spriteWithFile': was declared deprecated
                 c:\cocos2d-2.0-x-2.0.2\cocos2dx\sprite_nodes\ccsprite.h(186) : see declaration of 'cocos2d::CCSprite::spriteWithFile'
     1>c:\cocos2d-2.0-x-2.0.2\spacevikings\classes\spacescene.cpp(520): warning C4996: 'cocos2d::CCSprite::spriteWithFile': was declared deprecated
                 c:\cocos2d-2.0-x-2.0.2\cocos2dx\sprite_nodes\ccsprite.h(186) : see declaration of 'cocos2d::CCSprite::spriteWithFile'
     1>c:\cocos2d-2.0-x-2.0.2\spacevikings\classes\spacescene.cpp(524): warning C4996: 'cocos2d::CCSprite::spriteWithFile': was declared deprecated
                 c:\cocos2d-2.0-x-2.0.2\cocos2dx\sprite_nodes\ccsprite.h(186) : see declaration of 'cocos2d::CCSprite::spriteWithFile'
     1>c:\cocos2d-2.0-x-2.0.2\spacevikings\classes\spacescene.cpp(528): warning C4996: 'cocos2d::CCSprite::spriteWithFile': was declared deprecated
                 c:\cocos2d-2.0-x-2.0.2\cocos2dx\sprite_nodes\ccsprite.h(186) : see declaration of 'cocos2d::CCSprite::spriteWithFile'
     1>c:\cocos2d-2.0-x-2.0.2\spacevikings\classes\spacescene.cpp(704): warning C4996: 'cocos2d::CCSprite::spriteWithFile': was declared deprecated
                 c:\cocos2d-2.0-x-2.0.2\cocos2dx\sprite_nodes\ccsprite.h(186) : see declaration of 'cocos2d::CCSprite::spriteWithFile'
         Projectile.cpp
         Player.cpp
         OptionsMenu.cpp
     1>c:\cocos2d-2.0-x-2.0.2\spacevikings\classes\optionsmenu.cpp(40): warning C4996: 'cocos2d::CCSprite::spriteWithFile': was declared deprecated
                 c:\cocos2d-2.0-x-2.0.2\cocos2dx\sprite_nodes\ccsprite.h(186) : see declaration of 'cocos2d::CCSprite::spriteWithFile'
     1>c:\cocos2d-2.0-x-2.0.2\spacevikings\classes\optionsmenu.cpp(44): warning C4996: 'cocos2d::CCSprite::spriteWithFile': was declared deprecated
                 c:\cocos2d-2.0-x-2.0.2\cocos2dx\sprite_nodes\ccsprite.h(186) : see declaration of 'cocos2d::CCSprite::spriteWithFile'
     1>c:\cocos2d-2.0-x-2.0.2\spacevikings\classes\optionsmenu.cpp(48): warning C4996: 'cocos2d::CCSprite::spriteWithFile': was declared deprecated
                 c:\cocos2d-2.0-x-2.0.2\cocos2dx\sprite_nodes\ccsprite.h(186) : see declaration of 'cocos2d::CCSprite::spriteWithFile'
     1>c:\cocos2d-2.0-x-2.0.2\spacevikings\classes\optionsmenu.cpp(52): warning C4996: 'cocos2d::CCSprite::spriteWithFile': was declared deprecated
                 c:\cocos2d-2.0-x-2.0.2\cocos2dx\sprite_nodes\ccsprite.h(186) : see declaration of 'cocos2d::CCSprite::spriteWithFile'
         Level.cpp
         InstructionsScene.cpp
         HelloWorldScene.cpp
     1>c:\cocos2d-2.0-x-2.0.2\spacevikings\classes\helloworldscene.cpp(57): warning C4996: 'cocos2d::CCSprite::spriteWithFile': was declared deprecated
                 c:\cocos2d-2.0-x-2.0.2\cocos2dx\sprite_nodes\ccsprite.h(186) : see declaration of 'cocos2d::CCSprite::spriteWithFile'
     1>c:\cocos2d-2.0-x-2.0.2\spacevikings\classes\helloworldscene.cpp(133): warning C4996: 'cocos2d::CCDelayTime::actionWithDuration': was declared deprecated
                 c:\cocos2d-2.0-x-2.0.2\cocos2dx\actions\ccactioninterval.h(760) : see declaration of 'cocos2d::CCDelayTime::actionWithDuration'
     1>c:\cocos2d-2.0-x-2.0.2\spacevikings\classes\helloworldscene.cpp(134): warning C4996: 'cocos2d::CCCallFunc::actionWithTarget': was declared deprecated
                 c:\cocos2d-2.0-x-2.0.2\cocos2dx\actions\ccactioninstant.h(229) : see declaration of 'cocos2d::CCCallFunc::actionWithTarget'
     1>c:\cocos2d-2.0-x-2.0.2\spacevikings\classes\helloworldscene.cpp(135): warning C4996: 'cocos2d::CCSequence::actions': was declared deprecated
                 c:\cocos2d-2.0-x-2.0.2\cocos2dx\actions\ccactioninterval.h(118) : see declaration of 'cocos2d::CCSequence::actions'
         GameOptions.cpp
         Enemy.cpp
         Credits.cpp
     1>c:\cocos2d-2.0-x-2.0.2\spacevikings\classes\credits.cpp(58): warning C4996: 'cocos2d::CCMoveTo::actionWithDuration': was declared deprecated
                 c:\cocos2d-2.0-x-2.0.2\cocos2dx\actions\ccactioninterval.h(352) : see declaration of 'cocos2d::CCMoveTo::actionWithDuration'
     1>c:\cocos2d-2.0-x-2.0.2\spacevikings\classes\credits.cpp(60): warning C4996: 'cocos2d::CCSequence::actions': was declared deprecated
                 c:\cocos2d-2.0-x-2.0.2\cocos2dx\actions\ccactioninterval.h(118) : see declaration of 'cocos2d::CCSequence::actions'
         AppDelegate.cpp
         Generating Code...
       ResourceCompile:
         C:\Program Files (x86)\Microsoft SDKs\Windows\v7.0A\bin\rc.exe /D _DEBUG /D _UNICODE /D UNICODE /l"0x0409" /IDebug.win32\ /nologo /fo"Debug.win32\SpaceVikings.res" SpaceVikings.rc 
       ManifestResourceCompile:
         C:\Program Files (x86)\Microsoft SDKs\Windows\v7.0A\bin\rc.exe /nologo /fo"Debug.win32\SpaceVikings.win32.exe.embed.manifest.res" Debug.win32\SpaceVikings.win32_manifest.rc 
       Link:
         c:\Program Files (x86)\Microsoft Visual Studio 10.0\VC\bin\link.exe /ERRORREPORT:PROMPT /OUT:"C:\cocos2d-2.0-x-2.0.2\Debug.win32\SpaceVikings.win32.exe" /INCREMENTAL /NOLOGO /LIBPATH:"C:\cocos2d-2.0-x-2.0.2\Debug.win32\\" libcocos2d.lib libExtensions.lib opengl32.lib glew32.lib libCocosDenshion.lib kernel32.lib user32.lib gdi32.lib winspool.lib comdlg32.lib advapi32.lib shell32.lib ole32.lib oleaut32.lib uuid.lib odbc32.lib odbccp32.lib /MANIFEST /ManifestFile:"Debug.win32\SpaceVikings.win32.exe.intermediate.manifest" /MANIFESTUAC:"level='asInvoker' uiAccess='false'" /DEBUG /PDB:"C:\cocos2d-2.0-x-2.0.2\Debug.win32\SpaceVikings.win32.pdb" /SUBSYSTEM:WINDOWS /TLBID:1 /DYNAMICBASE /NXCOMPAT /IMPLIB:"C:\cocos2d-2.0-x-2.0.2\Debug.win32\SpaceVikings.win32.lib" /MACHINE:X86 Debug.win32\SpaceVikings.res
         Debug.win32\SpaceVikings.win32.exe.embed.manifest.res
         Debug.win32\AppDelegate.obj
         Debug.win32\Credits.obj
         Debug.win32\Enemy.obj
         Debug.win32\GameOptions.obj
         Debug.win32\HelloWorldScene.obj
         Debug.win32\InstructionsScene.obj
         Debug.win32\Level.obj
         Debug.win32\OptionsMenu.obj
         Debug.win32\Player.obj
         Debug.win32\Projectile.obj
         Debug.win32\SpaceScene.obj
         Debug.win32\SplashScene.obj
         Debug.win32\StartScene.obj
         Debug.win32\Taco.obj
         Debug.win32\Upgrades.obj
         Debug.win32\main.obj
       Manifest:
         C:\Program Files (x86)\Microsoft SDKs\Windows\v7.0A\bin\mt.exe /nologo /verbose /out:"Debug.win32\SpaceVikings.win32.exe.embed.manifest" /manifest Debug.win32\SpaceVikings.win32.exe.intermediate.manifest
         All outputs are up-to-date.
       LinkEmbedManifest:
         All outputs are up-to-date.
         SpaceVikings.win32.vcxproj -> C:\cocos2d-2.0-x-2.0.2\Debug.win32\SpaceVikings.win32.exe
       FinalizeBuildStatus:
         Deleting file "Debug.win32\SpaceVikings.win32.unsuccessfulbuild".
         Touching "Debug.win32\SpaceVikings.win32.lastbuildstate".
     1>Done Building Project "C:\cocos2d-2.0-x-2.0.2\SpaceVikings\proj.win32\SpaceVikings.win32.vcxproj" (build target(s)).

Build succeeded.

Time Elapsed 00:00:32.76
