C:\COCOS2D-2.0-X-2.0.2\DEBUG.WIN32\SPACEVIKINGS.WIN32.EXE
C:\COCOS2D-2.0-X-2.0.2\DEBUG.WIN32\SPACEVIKINGS.WIN32.ILK
C:\COCOS2D-2.0-X-2.0.2\DEBUG.WIN32\SPACEVIKINGS.WIN32.PDB
C:\COCOS2D-2.0-X-2.0.2\SPACEVIKINGS\PROJ.WIN32\DEBUG.WIN32\APPDELEGATE.OBJ
C:\cocos2d-2.0-x-2.0.2\SpaceVikings\proj.win32\Debug.win32\cl.command.1.tlog
C:\cocos2d-2.0-x-2.0.2\SpaceVikings\proj.win32\Debug.win32\CL.read.1.tlog
C:\cocos2d-2.0-x-2.0.2\SpaceVikings\proj.win32\Debug.win32\CL.write.1.tlog
C:\COCOS2D-2.0-X-2.0.2\SPACEVIKINGS\PROJ.WIN32\DEBUG.WIN32\CREDITS.OBJ
C:\COCOS2D-2.0-X-2.0.2\SPACEVIKINGS\PROJ.WIN32\DEBUG.WIN32\ENEMY.OBJ
C:\COCOS2D-2.0-X-2.0.2\SPACEVIKINGS\PROJ.WIN32\DEBUG.WIN32\GAMEOPTIONS.OBJ
C:\COCOS2D-2.0-X-2.0.2\SPACEVIKINGS\PROJ.WIN32\DEBUG.WIN32\GAMESCENE.OBJ
C:\COCOS2D-2.0-X-2.0.2\SPACEVIKINGS\PROJ.WIN32\DEBUG.WIN32\HELLOWORLDSCENE.OBJ
C:\COCOS2D-2.0-X-2.0.2\SPACEVIKINGS\PROJ.WIN32\DEBUG.WIN32\HUDLAYER.OBJ
C:\COCOS2D-2.0-X-2.0.2\SPACEVIKINGS\PROJ.WIN32\DEBUG.WIN32\INSTRUCTIONSSCENE.OBJ
C:\COCOS2D-2.0-X-2.0.2\SPACEVIKINGS\PROJ.WIN32\DEBUG.WIN32\LEVEL.OBJ
C:\cocos2d-2.0-x-2.0.2\SpaceVikings\proj.win32\Debug.win32\link.1196.read.1.tlog
C:\cocos2d-2.0-x-2.0.2\SpaceVikings\proj.win32\Debug.win32\link.1196.write.1.tlog
C:\cocos2d-2.0-x-2.0.2\SpaceVikings\proj.win32\Debug.win32\link.1196-cvtres.read.1.tlog
C:\cocos2d-2.0-x-2.0.2\SpaceVikings\proj.win32\Debug.win32\link.1196-cvtres.write.1.tlog
C:\cocos2d-2.0-x-2.0.2\SpaceVikings\proj.win32\Debug.win32\link.1224.read.1.tlog
C:\cocos2d-2.0-x-2.0.2\SpaceVikings\proj.win32\Debug.win32\link.1224.write.1.tlog
C:\cocos2d-2.0-x-2.0.2\SpaceVikings\proj.win32\Debug.win32\link.1224-cvtres.read.1.tlog
C:\cocos2d-2.0-x-2.0.2\SpaceVikings\proj.win32\Debug.win32\link.1224-cvtres.write.1.tlog
C:\cocos2d-2.0-x-2.0.2\SpaceVikings\proj.win32\Debug.win32\link.1636.read.1.tlog
C:\cocos2d-2.0-x-2.0.2\SpaceVikings\proj.win32\Debug.win32\link.1636.write.1.tlog
C:\cocos2d-2.0-x-2.0.2\SpaceVikings\proj.win32\Debug.win32\link.1636-cvtres.read.1.tlog
C:\cocos2d-2.0-x-2.0.2\SpaceVikings\proj.win32\Debug.win32\link.1636-cvtres.write.1.tlog
C:\cocos2d-2.0-x-2.0.2\SpaceVikings\proj.win32\Debug.win32\link.2252.read.1.tlog
C:\cocos2d-2.0-x-2.0.2\SpaceVikings\proj.win32\Debug.win32\link.2252.write.1.tlog
C:\cocos2d-2.0-x-2.0.2\SpaceVikings\proj.win32\Debug.win32\link.2252-cvtres.read.1.tlog
C:\cocos2d-2.0-x-2.0.2\SpaceVikings\proj.win32\Debug.win32\link.2252-cvtres.write.1.tlog
C:\cocos2d-2.0-x-2.0.2\SpaceVikings\proj.win32\Debug.win32\link.2264.read.1.tlog
C:\cocos2d-2.0-x-2.0.2\SpaceVikings\proj.win32\Debug.win32\link.2264.write.1.tlog
C:\cocos2d-2.0-x-2.0.2\SpaceVikings\proj.win32\Debug.win32\link.2264-cvtres.read.1.tlog
C:\cocos2d-2.0-x-2.0.2\SpaceVikings\proj.win32\Debug.win32\link.2264-cvtres.write.1.tlog
C:\cocos2d-2.0-x-2.0.2\SpaceVikings\proj.win32\Debug.win32\link.2412.read.1.tlog
C:\cocos2d-2.0-x-2.0.2\SpaceVikings\proj.win32\Debug.win32\link.2412.write.1.tlog
C:\cocos2d-2.0-x-2.0.2\SpaceVikings\proj.win32\Debug.win32\link.2412-cvtres.read.1.tlog
C:\cocos2d-2.0-x-2.0.2\SpaceVikings\proj.win32\Debug.win32\link.2412-cvtres.write.1.tlog
C:\cocos2d-2.0-x-2.0.2\SpaceVikings\proj.win32\Debug.win32\link.2672.read.1.tlog
C:\cocos2d-2.0-x-2.0.2\SpaceVikings\proj.win32\Debug.win32\link.2672.write.1.tlog
C:\cocos2d-2.0-x-2.0.2\SpaceVikings\proj.win32\Debug.win32\link.2672-cvtres.read.1.tlog
C:\cocos2d-2.0-x-2.0.2\SpaceVikings\proj.win32\Debug.win32\link.2672-cvtres.write.1.tlog
C:\cocos2d-2.0-x-2.0.2\SpaceVikings\proj.win32\Debug.win32\link.2708.read.1.tlog
C:\cocos2d-2.0-x-2.0.2\SpaceVikings\proj.win32\Debug.win32\link.2708.write.1.tlog
C:\cocos2d-2.0-x-2.0.2\SpaceVikings\proj.win32\Debug.win32\link.2708-cvtres.read.1.tlog
C:\cocos2d-2.0-x-2.0.2\SpaceVikings\proj.win32\Debug.win32\link.2708-cvtres.write.1.tlog
C:\cocos2d-2.0-x-2.0.2\SpaceVikings\proj.win32\Debug.win32\link.2752.read.1.tlog
C:\cocos2d-2.0-x-2.0.2\SpaceVikings\proj.win32\Debug.win32\link.2752.write.1.tlog
C:\cocos2d-2.0-x-2.0.2\SpaceVikings\proj.win32\Debug.win32\link.2752-cvtres.read.1.tlog
C:\cocos2d-2.0-x-2.0.2\SpaceVikings\proj.win32\Debug.win32\link.2752-cvtres.write.1.tlog
C:\cocos2d-2.0-x-2.0.2\SpaceVikings\proj.win32\Debug.win32\link.3268.read.1.tlog
C:\cocos2d-2.0-x-2.0.2\SpaceVikings\proj.win32\Debug.win32\link.3268.write.1.tlog
C:\cocos2d-2.0-x-2.0.2\SpaceVikings\proj.win32\Debug.win32\link.3268-cvtres.read.1.tlog
C:\cocos2d-2.0-x-2.0.2\SpaceVikings\proj.win32\Debug.win32\link.3268-cvtres.write.1.tlog
C:\cocos2d-2.0-x-2.0.2\SpaceVikings\proj.win32\Debug.win32\link.3608.read.1.tlog
C:\cocos2d-2.0-x-2.0.2\SpaceVikings\proj.win32\Debug.win32\link.3608.write.1.tlog
C:\cocos2d-2.0-x-2.0.2\SpaceVikings\proj.win32\Debug.win32\link.3608-cvtres.read.1.tlog
C:\cocos2d-2.0-x-2.0.2\SpaceVikings\proj.win32\Debug.win32\link.3608-cvtres.write.1.tlog
C:\cocos2d-2.0-x-2.0.2\SpaceVikings\proj.win32\Debug.win32\link.3692.read.1.tlog
C:\cocos2d-2.0-x-2.0.2\SpaceVikings\proj.win32\Debug.win32\link.3692.write.1.tlog
C:\cocos2d-2.0-x-2.0.2\SpaceVikings\proj.win32\Debug.win32\link.3692-cvtres.read.1.tlog
C:\cocos2d-2.0-x-2.0.2\SpaceVikings\proj.win32\Debug.win32\link.3692-cvtres.write.1.tlog
C:\cocos2d-2.0-x-2.0.2\SpaceVikings\proj.win32\Debug.win32\link.4004.read.1.tlog
C:\cocos2d-2.0-x-2.0.2\SpaceVikings\proj.win32\Debug.win32\link.4004.write.1.tlog
C:\cocos2d-2.0-x-2.0.2\SpaceVikings\proj.win32\Debug.win32\link.4004-cvtres.read.1.tlog
C:\cocos2d-2.0-x-2.0.2\SpaceVikings\proj.win32\Debug.win32\link.4004-cvtres.write.1.tlog
C:\cocos2d-2.0-x-2.0.2\SpaceVikings\proj.win32\Debug.win32\link.4276.read.1.tlog
C:\cocos2d-2.0-x-2.0.2\SpaceVikings\proj.win32\Debug.win32\link.4276.write.1.tlog
C:\cocos2d-2.0-x-2.0.2\SpaceVikings\proj.win32\Debug.win32\link.4276-cvtres.read.1.tlog
C:\cocos2d-2.0-x-2.0.2\SpaceVikings\proj.win32\Debug.win32\link.4276-cvtres.write.1.tlog
C:\cocos2d-2.0-x-2.0.2\SpaceVikings\proj.win32\Debug.win32\link.4448.read.1.tlog
C:\cocos2d-2.0-x-2.0.2\SpaceVikings\proj.win32\Debug.win32\link.4448.write.1.tlog
C:\cocos2d-2.0-x-2.0.2\SpaceVikings\proj.win32\Debug.win32\link.4448-cvtres.read.1.tlog
C:\cocos2d-2.0-x-2.0.2\SpaceVikings\proj.win32\Debug.win32\link.4448-cvtres.write.1.tlog
C:\cocos2d-2.0-x-2.0.2\SpaceVikings\proj.win32\Debug.win32\link.4540.read.1.tlog
C:\cocos2d-2.0-x-2.0.2\SpaceVikings\proj.win32\Debug.win32\link.4540.write.1.tlog
C:\cocos2d-2.0-x-2.0.2\SpaceVikings\proj.win32\Debug.win32\link.4540-cvtres.read.1.tlog
C:\cocos2d-2.0-x-2.0.2\SpaceVikings\proj.win32\Debug.win32\link.4540-cvtres.write.1.tlog
C:\cocos2d-2.0-x-2.0.2\SpaceVikings\proj.win32\Debug.win32\link.4860.read.1.tlog
C:\cocos2d-2.0-x-2.0.2\SpaceVikings\proj.win32\Debug.win32\link.4860.write.1.tlog
C:\cocos2d-2.0-x-2.0.2\SpaceVikings\proj.win32\Debug.win32\link.4860-cvtres.read.1.tlog
C:\cocos2d-2.0-x-2.0.2\SpaceVikings\proj.win32\Debug.win32\link.4860-cvtres.write.1.tlog
C:\cocos2d-2.0-x-2.0.2\SpaceVikings\proj.win32\Debug.win32\link.5048.read.1.tlog
C:\cocos2d-2.0-x-2.0.2\SpaceVikings\proj.win32\Debug.win32\link.5048.write.1.tlog
C:\cocos2d-2.0-x-2.0.2\SpaceVikings\proj.win32\Debug.win32\link.5048-cvtres.read.1.tlog
C:\cocos2d-2.0-x-2.0.2\SpaceVikings\proj.win32\Debug.win32\link.5048-cvtres.write.1.tlog
C:\cocos2d-2.0-x-2.0.2\SpaceVikings\proj.win32\Debug.win32\link.5056.read.1.tlog
C:\cocos2d-2.0-x-2.0.2\SpaceVikings\proj.win32\Debug.win32\link.5056.write.1.tlog
C:\cocos2d-2.0-x-2.0.2\SpaceVikings\proj.win32\Debug.win32\link.5056-cvtres.read.1.tlog
C:\cocos2d-2.0-x-2.0.2\SpaceVikings\proj.win32\Debug.win32\link.5056-cvtres.write.1.tlog
C:\cocos2d-2.0-x-2.0.2\SpaceVikings\proj.win32\Debug.win32\link.5444.read.1.tlog
C:\cocos2d-2.0-x-2.0.2\SpaceVikings\proj.win32\Debug.win32\link.5444.write.1.tlog
C:\cocos2d-2.0-x-2.0.2\SpaceVikings\proj.win32\Debug.win32\link.5444-cvtres.read.1.tlog
C:\cocos2d-2.0-x-2.0.2\SpaceVikings\proj.win32\Debug.win32\link.5444-cvtres.write.1.tlog
C:\cocos2d-2.0-x-2.0.2\SpaceVikings\proj.win32\Debug.win32\link.5636.read.1.tlog
C:\cocos2d-2.0-x-2.0.2\SpaceVikings\proj.win32\Debug.win32\link.5636.write.1.tlog
C:\cocos2d-2.0-x-2.0.2\SpaceVikings\proj.win32\Debug.win32\link.5636-cvtres.read.1.tlog
C:\cocos2d-2.0-x-2.0.2\SpaceVikings\proj.win32\Debug.win32\link.5636-cvtres.write.1.tlog
C:\cocos2d-2.0-x-2.0.2\SpaceVikings\proj.win32\Debug.win32\link.5708.read.1.tlog
C:\cocos2d-2.0-x-2.0.2\SpaceVikings\proj.win32\Debug.win32\link.5708.write.1.tlog
C:\cocos2d-2.0-x-2.0.2\SpaceVikings\proj.win32\Debug.win32\link.5708-cvtres.read.1.tlog
C:\cocos2d-2.0-x-2.0.2\SpaceVikings\proj.win32\Debug.win32\link.5708-cvtres.write.1.tlog
C:\cocos2d-2.0-x-2.0.2\SpaceVikings\proj.win32\Debug.win32\link.5736.read.1.tlog
C:\cocos2d-2.0-x-2.0.2\SpaceVikings\proj.win32\Debug.win32\link.5736.write.1.tlog
C:\cocos2d-2.0-x-2.0.2\SpaceVikings\proj.win32\Debug.win32\link.5736-cvtres.read.1.tlog
C:\cocos2d-2.0-x-2.0.2\SpaceVikings\proj.win32\Debug.win32\link.5736-cvtres.write.1.tlog
C:\cocos2d-2.0-x-2.0.2\SpaceVikings\proj.win32\Debug.win32\link.5832.read.1.tlog
C:\cocos2d-2.0-x-2.0.2\SpaceVikings\proj.win32\Debug.win32\link.5832.write.1.tlog
C:\cocos2d-2.0-x-2.0.2\SpaceVikings\proj.win32\Debug.win32\link.5832-cvtres.read.1.tlog
C:\cocos2d-2.0-x-2.0.2\SpaceVikings\proj.win32\Debug.win32\link.5832-cvtres.write.1.tlog
C:\cocos2d-2.0-x-2.0.2\SpaceVikings\proj.win32\Debug.win32\link.6076.read.1.tlog
C:\cocos2d-2.0-x-2.0.2\SpaceVikings\proj.win32\Debug.win32\link.6076.write.1.tlog
C:\cocos2d-2.0-x-2.0.2\SpaceVikings\proj.win32\Debug.win32\link.6076-cvtres.read.1.tlog
C:\cocos2d-2.0-x-2.0.2\SpaceVikings\proj.win32\Debug.win32\link.6076-cvtres.write.1.tlog
C:\cocos2d-2.0-x-2.0.2\SpaceVikings\proj.win32\Debug.win32\link.6220.read.1.tlog
C:\cocos2d-2.0-x-2.0.2\SpaceVikings\proj.win32\Debug.win32\link.6220.write.1.tlog
C:\cocos2d-2.0-x-2.0.2\SpaceVikings\proj.win32\Debug.win32\link.6220-cvtres.read.1.tlog
C:\cocos2d-2.0-x-2.0.2\SpaceVikings\proj.win32\Debug.win32\link.6220-cvtres.write.1.tlog
C:\cocos2d-2.0-x-2.0.2\SpaceVikings\proj.win32\Debug.win32\link.6480.read.1.tlog
C:\cocos2d-2.0-x-2.0.2\SpaceVikings\proj.win32\Debug.win32\link.6480.write.1.tlog
C:\cocos2d-2.0-x-2.0.2\SpaceVikings\proj.win32\Debug.win32\link.6480-cvtres.read.1.tlog
C:\cocos2d-2.0-x-2.0.2\SpaceVikings\proj.win32\Debug.win32\link.6480-cvtres.write.1.tlog
C:\cocos2d-2.0-x-2.0.2\SpaceVikings\proj.win32\Debug.win32\link.6492.read.1.tlog
C:\cocos2d-2.0-x-2.0.2\SpaceVikings\proj.win32\Debug.win32\link.6492.write.1.tlog
C:\cocos2d-2.0-x-2.0.2\SpaceVikings\proj.win32\Debug.win32\link.6492-cvtres.read.1.tlog
C:\cocos2d-2.0-x-2.0.2\SpaceVikings\proj.win32\Debug.win32\link.6492-cvtres.write.1.tlog
C:\cocos2d-2.0-x-2.0.2\SpaceVikings\proj.win32\Debug.win32\link.652.read.1.tlog
C:\cocos2d-2.0-x-2.0.2\SpaceVikings\proj.win32\Debug.win32\link.652.write.1.tlog
C:\cocos2d-2.0-x-2.0.2\SpaceVikings\proj.win32\Debug.win32\link.6524.read.1.tlog
C:\cocos2d-2.0-x-2.0.2\SpaceVikings\proj.win32\Debug.win32\link.6524.write.1.tlog
C:\cocos2d-2.0-x-2.0.2\SpaceVikings\proj.win32\Debug.win32\link.6524-cvtres.read.1.tlog
C:\cocos2d-2.0-x-2.0.2\SpaceVikings\proj.win32\Debug.win32\link.6524-cvtres.write.1.tlog
C:\cocos2d-2.0-x-2.0.2\SpaceVikings\proj.win32\Debug.win32\link.652-cvtres.read.1.tlog
C:\cocos2d-2.0-x-2.0.2\SpaceVikings\proj.win32\Debug.win32\link.652-cvtres.write.1.tlog
C:\cocos2d-2.0-x-2.0.2\SpaceVikings\proj.win32\Debug.win32\link.6596.read.1.tlog
C:\cocos2d-2.0-x-2.0.2\SpaceVikings\proj.win32\Debug.win32\link.6596.write.1.tlog
C:\cocos2d-2.0-x-2.0.2\SpaceVikings\proj.win32\Debug.win32\link.6596-cvtres.read.1.tlog
C:\cocos2d-2.0-x-2.0.2\SpaceVikings\proj.win32\Debug.win32\link.6596-cvtres.write.1.tlog
C:\cocos2d-2.0-x-2.0.2\SpaceVikings\proj.win32\Debug.win32\link.6708.read.1.tlog
C:\cocos2d-2.0-x-2.0.2\SpaceVikings\proj.win32\Debug.win32\link.6708.write.1.tlog
C:\cocos2d-2.0-x-2.0.2\SpaceVikings\proj.win32\Debug.win32\link.6708-cvtres.read.1.tlog
C:\cocos2d-2.0-x-2.0.2\SpaceVikings\proj.win32\Debug.win32\link.6708-cvtres.write.1.tlog
C:\cocos2d-2.0-x-2.0.2\SpaceVikings\proj.win32\Debug.win32\link.6776.read.1.tlog
C:\cocos2d-2.0-x-2.0.2\SpaceVikings\proj.win32\Debug.win32\link.6776.write.1.tlog
C:\cocos2d-2.0-x-2.0.2\SpaceVikings\proj.win32\Debug.win32\link.6776-cvtres.read.1.tlog
C:\cocos2d-2.0-x-2.0.2\SpaceVikings\proj.win32\Debug.win32\link.6776-cvtres.write.1.tlog
C:\cocos2d-2.0-x-2.0.2\SpaceVikings\proj.win32\Debug.win32\link.6788.read.1.tlog
C:\cocos2d-2.0-x-2.0.2\SpaceVikings\proj.win32\Debug.win32\link.6788.write.1.tlog
C:\cocos2d-2.0-x-2.0.2\SpaceVikings\proj.win32\Debug.win32\link.6788-cvtres.read.1.tlog
C:\cocos2d-2.0-x-2.0.2\SpaceVikings\proj.win32\Debug.win32\link.6788-cvtres.write.1.tlog
C:\cocos2d-2.0-x-2.0.2\SpaceVikings\proj.win32\Debug.win32\link.6896.read.1.tlog
C:\cocos2d-2.0-x-2.0.2\SpaceVikings\proj.win32\Debug.win32\link.6896.write.1.tlog
C:\cocos2d-2.0-x-2.0.2\SpaceVikings\proj.win32\Debug.win32\link.6896-cvtres.read.1.tlog
C:\cocos2d-2.0-x-2.0.2\SpaceVikings\proj.win32\Debug.win32\link.6896-cvtres.write.1.tlog
C:\cocos2d-2.0-x-2.0.2\SpaceVikings\proj.win32\Debug.win32\link.6936.read.1.tlog
C:\cocos2d-2.0-x-2.0.2\SpaceVikings\proj.win32\Debug.win32\link.6936.write.1.tlog
C:\cocos2d-2.0-x-2.0.2\SpaceVikings\proj.win32\Debug.win32\link.6936-cvtres.read.1.tlog
C:\cocos2d-2.0-x-2.0.2\SpaceVikings\proj.win32\Debug.win32\link.6936-cvtres.write.1.tlog
C:\cocos2d-2.0-x-2.0.2\SpaceVikings\proj.win32\Debug.win32\link.6944.read.1.tlog
C:\cocos2d-2.0-x-2.0.2\SpaceVikings\proj.win32\Debug.win32\link.6944.write.1.tlog
C:\cocos2d-2.0-x-2.0.2\SpaceVikings\proj.win32\Debug.win32\link.6944-cvtres.read.1.tlog
C:\cocos2d-2.0-x-2.0.2\SpaceVikings\proj.win32\Debug.win32\link.6944-cvtres.write.1.tlog
C:\cocos2d-2.0-x-2.0.2\SpaceVikings\proj.win32\Debug.win32\link.6964.read.1.tlog
C:\cocos2d-2.0-x-2.0.2\SpaceVikings\proj.win32\Debug.win32\link.6964.write.1.tlog
C:\cocos2d-2.0-x-2.0.2\SpaceVikings\proj.win32\Debug.win32\link.6964-cvtres.read.1.tlog
C:\cocos2d-2.0-x-2.0.2\SpaceVikings\proj.win32\Debug.win32\link.6964-cvtres.write.1.tlog
C:\cocos2d-2.0-x-2.0.2\SpaceVikings\proj.win32\Debug.win32\link.6972.read.1.tlog
C:\cocos2d-2.0-x-2.0.2\SpaceVikings\proj.win32\Debug.win32\link.6972.write.1.tlog
C:\cocos2d-2.0-x-2.0.2\SpaceVikings\proj.win32\Debug.win32\link.6972-cvtres.read.1.tlog
C:\cocos2d-2.0-x-2.0.2\SpaceVikings\proj.win32\Debug.win32\link.6972-cvtres.write.1.tlog
C:\cocos2d-2.0-x-2.0.2\SpaceVikings\proj.win32\Debug.win32\link.6992.read.1.tlog
C:\cocos2d-2.0-x-2.0.2\SpaceVikings\proj.win32\Debug.win32\link.6992.write.1.tlog
C:\cocos2d-2.0-x-2.0.2\SpaceVikings\proj.win32\Debug.win32\link.6992-cvtres.read.1.tlog
C:\cocos2d-2.0-x-2.0.2\SpaceVikings\proj.win32\Debug.win32\link.6992-cvtres.write.1.tlog
C:\cocos2d-2.0-x-2.0.2\SpaceVikings\proj.win32\Debug.win32\link.7096.read.1.tlog
C:\cocos2d-2.0-x-2.0.2\SpaceVikings\proj.win32\Debug.win32\link.7096.write.1.tlog
C:\cocos2d-2.0-x-2.0.2\SpaceVikings\proj.win32\Debug.win32\link.7096-cvtres.read.1.tlog
C:\cocos2d-2.0-x-2.0.2\SpaceVikings\proj.win32\Debug.win32\link.7096-cvtres.write.1.tlog
C:\cocos2d-2.0-x-2.0.2\SpaceVikings\proj.win32\Debug.win32\link.7148.read.1.tlog
C:\cocos2d-2.0-x-2.0.2\SpaceVikings\proj.win32\Debug.win32\link.7148.write.1.tlog
C:\cocos2d-2.0-x-2.0.2\SpaceVikings\proj.win32\Debug.win32\link.7148-cvtres.read.1.tlog
C:\cocos2d-2.0-x-2.0.2\SpaceVikings\proj.win32\Debug.win32\link.7148-cvtres.write.1.tlog
C:\cocos2d-2.0-x-2.0.2\SpaceVikings\proj.win32\Debug.win32\link.7284.read.1.tlog
C:\cocos2d-2.0-x-2.0.2\SpaceVikings\proj.win32\Debug.win32\link.7284.write.1.tlog
C:\cocos2d-2.0-x-2.0.2\SpaceVikings\proj.win32\Debug.win32\link.7284-cvtres.read.1.tlog
C:\cocos2d-2.0-x-2.0.2\SpaceVikings\proj.win32\Debug.win32\link.7284-cvtres.write.1.tlog
C:\cocos2d-2.0-x-2.0.2\SpaceVikings\proj.win32\Debug.win32\link.7316.read.1.tlog
C:\cocos2d-2.0-x-2.0.2\SpaceVikings\proj.win32\Debug.win32\link.7316.write.1.tlog
C:\cocos2d-2.0-x-2.0.2\SpaceVikings\proj.win32\Debug.win32\link.7316-cvtres.read.1.tlog
C:\cocos2d-2.0-x-2.0.2\SpaceVikings\proj.win32\Debug.win32\link.7316-cvtres.write.1.tlog
C:\cocos2d-2.0-x-2.0.2\SpaceVikings\proj.win32\Debug.win32\link.7336.read.1.tlog
C:\cocos2d-2.0-x-2.0.2\SpaceVikings\proj.win32\Debug.win32\link.7336.write.1.tlog
C:\cocos2d-2.0-x-2.0.2\SpaceVikings\proj.win32\Debug.win32\link.7336-cvtres.read.1.tlog
C:\cocos2d-2.0-x-2.0.2\SpaceVikings\proj.win32\Debug.win32\link.7336-cvtres.write.1.tlog
C:\cocos2d-2.0-x-2.0.2\SpaceVikings\proj.win32\Debug.win32\link.7480.read.1.tlog
C:\cocos2d-2.0-x-2.0.2\SpaceVikings\proj.win32\Debug.win32\link.7480.write.1.tlog
C:\cocos2d-2.0-x-2.0.2\SpaceVikings\proj.win32\Debug.win32\link.7480-cvtres.read.1.tlog
C:\cocos2d-2.0-x-2.0.2\SpaceVikings\proj.win32\Debug.win32\link.7480-cvtres.write.1.tlog
C:\cocos2d-2.0-x-2.0.2\SpaceVikings\proj.win32\Debug.win32\link.7532.read.1.tlog
C:\cocos2d-2.0-x-2.0.2\SpaceVikings\proj.win32\Debug.win32\link.7532.write.1.tlog
C:\cocos2d-2.0-x-2.0.2\SpaceVikings\proj.win32\Debug.win32\link.7532-cvtres.read.1.tlog
C:\cocos2d-2.0-x-2.0.2\SpaceVikings\proj.win32\Debug.win32\link.7532-cvtres.write.1.tlog
C:\cocos2d-2.0-x-2.0.2\SpaceVikings\proj.win32\Debug.win32\link.7632.read.1.tlog
C:\cocos2d-2.0-x-2.0.2\SpaceVikings\proj.win32\Debug.win32\link.7632.write.1.tlog
C:\cocos2d-2.0-x-2.0.2\SpaceVikings\proj.win32\Debug.win32\link.7632-cvtres.read.1.tlog
C:\cocos2d-2.0-x-2.0.2\SpaceVikings\proj.win32\Debug.win32\link.7632-cvtres.write.1.tlog
C:\cocos2d-2.0-x-2.0.2\SpaceVikings\proj.win32\Debug.win32\link.7788.read.1.tlog
C:\cocos2d-2.0-x-2.0.2\SpaceVikings\proj.win32\Debug.win32\link.7788.write.1.tlog
C:\cocos2d-2.0-x-2.0.2\SpaceVikings\proj.win32\Debug.win32\link.7788-cvtres.read.1.tlog
C:\cocos2d-2.0-x-2.0.2\SpaceVikings\proj.win32\Debug.win32\link.7788-cvtres.write.1.tlog
C:\cocos2d-2.0-x-2.0.2\SpaceVikings\proj.win32\Debug.win32\link.7944.read.1.tlog
C:\cocos2d-2.0-x-2.0.2\SpaceVikings\proj.win32\Debug.win32\link.7944.write.1.tlog
C:\cocos2d-2.0-x-2.0.2\SpaceVikings\proj.win32\Debug.win32\link.7944-cvtres.read.1.tlog
C:\cocos2d-2.0-x-2.0.2\SpaceVikings\proj.win32\Debug.win32\link.7944-cvtres.write.1.tlog
C:\cocos2d-2.0-x-2.0.2\SpaceVikings\proj.win32\Debug.win32\link.8204.read.1.tlog
C:\cocos2d-2.0-x-2.0.2\SpaceVikings\proj.win32\Debug.win32\link.8204.write.1.tlog
C:\cocos2d-2.0-x-2.0.2\SpaceVikings\proj.win32\Debug.win32\link.8204-cvtres.read.1.tlog
C:\cocos2d-2.0-x-2.0.2\SpaceVikings\proj.win32\Debug.win32\link.8204-cvtres.write.1.tlog
C:\cocos2d-2.0-x-2.0.2\SpaceVikings\proj.win32\Debug.win32\link.8252.read.1.tlog
C:\cocos2d-2.0-x-2.0.2\SpaceVikings\proj.win32\Debug.win32\link.8252.write.1.tlog
C:\cocos2d-2.0-x-2.0.2\SpaceVikings\proj.win32\Debug.win32\link.8252-cvtres.read.1.tlog
C:\cocos2d-2.0-x-2.0.2\SpaceVikings\proj.win32\Debug.win32\link.8252-cvtres.write.1.tlog
C:\cocos2d-2.0-x-2.0.2\SpaceVikings\proj.win32\Debug.win32\link.8512.read.1.tlog
C:\cocos2d-2.0-x-2.0.2\SpaceVikings\proj.win32\Debug.win32\link.8512.write.1.tlog
C:\cocos2d-2.0-x-2.0.2\SpaceVikings\proj.win32\Debug.win32\link.8512-cvtres.read.1.tlog
C:\cocos2d-2.0-x-2.0.2\SpaceVikings\proj.win32\Debug.win32\link.8512-cvtres.write.1.tlog
C:\cocos2d-2.0-x-2.0.2\SpaceVikings\proj.win32\Debug.win32\link.8552.read.1.tlog
C:\cocos2d-2.0-x-2.0.2\SpaceVikings\proj.win32\Debug.win32\link.8552.write.1.tlog
C:\cocos2d-2.0-x-2.0.2\SpaceVikings\proj.win32\Debug.win32\link.8552-cvtres.read.1.tlog
C:\cocos2d-2.0-x-2.0.2\SpaceVikings\proj.win32\Debug.win32\link.8552-cvtres.write.1.tlog
C:\cocos2d-2.0-x-2.0.2\SpaceVikings\proj.win32\Debug.win32\link.8720.read.1.tlog
C:\cocos2d-2.0-x-2.0.2\SpaceVikings\proj.win32\Debug.win32\link.8720.write.1.tlog
C:\cocos2d-2.0-x-2.0.2\SpaceVikings\proj.win32\Debug.win32\link.8720-cvtres.read.1.tlog
C:\cocos2d-2.0-x-2.0.2\SpaceVikings\proj.win32\Debug.win32\link.8720-cvtres.write.1.tlog
C:\cocos2d-2.0-x-2.0.2\SpaceVikings\proj.win32\Debug.win32\link.8868.read.1.tlog
C:\cocos2d-2.0-x-2.0.2\SpaceVikings\proj.win32\Debug.win32\link.8868.write.1.tlog
C:\cocos2d-2.0-x-2.0.2\SpaceVikings\proj.win32\Debug.win32\link.8868-cvtres.read.1.tlog
C:\cocos2d-2.0-x-2.0.2\SpaceVikings\proj.win32\Debug.win32\link.8868-cvtres.write.1.tlog
C:\cocos2d-2.0-x-2.0.2\SpaceVikings\proj.win32\Debug.win32\link.8916.read.1.tlog
C:\cocos2d-2.0-x-2.0.2\SpaceVikings\proj.win32\Debug.win32\link.8916.write.1.tlog
C:\cocos2d-2.0-x-2.0.2\SpaceVikings\proj.win32\Debug.win32\link.8916-cvtres.read.1.tlog
C:\cocos2d-2.0-x-2.0.2\SpaceVikings\proj.win32\Debug.win32\link.8916-cvtres.write.1.tlog
C:\cocos2d-2.0-x-2.0.2\SpaceVikings\proj.win32\Debug.win32\link.8928.read.1.tlog
C:\cocos2d-2.0-x-2.0.2\SpaceVikings\proj.win32\Debug.win32\link.8928.write.1.tlog
C:\cocos2d-2.0-x-2.0.2\SpaceVikings\proj.win32\Debug.win32\link.8928-cvtres.read.1.tlog
C:\cocos2d-2.0-x-2.0.2\SpaceVikings\proj.win32\Debug.win32\link.8928-cvtres.write.1.tlog
C:\cocos2d-2.0-x-2.0.2\SpaceVikings\proj.win32\Debug.win32\link.8944.read.1.tlog
C:\cocos2d-2.0-x-2.0.2\SpaceVikings\proj.win32\Debug.win32\link.8944.write.1.tlog
C:\cocos2d-2.0-x-2.0.2\SpaceVikings\proj.win32\Debug.win32\link.8944-cvtres.read.1.tlog
C:\cocos2d-2.0-x-2.0.2\SpaceVikings\proj.win32\Debug.win32\link.8944-cvtres.write.1.tlog
C:\cocos2d-2.0-x-2.0.2\SpaceVikings\proj.win32\Debug.win32\link.9064.read.1.tlog
C:\cocos2d-2.0-x-2.0.2\SpaceVikings\proj.win32\Debug.win32\link.9064.write.1.tlog
C:\cocos2d-2.0-x-2.0.2\SpaceVikings\proj.win32\Debug.win32\link.9064-cvtres.read.1.tlog
C:\cocos2d-2.0-x-2.0.2\SpaceVikings\proj.win32\Debug.win32\link.9064-cvtres.write.1.tlog
C:\cocos2d-2.0-x-2.0.2\SpaceVikings\proj.win32\Debug.win32\link.9180.read.1.tlog
C:\cocos2d-2.0-x-2.0.2\SpaceVikings\proj.win32\Debug.win32\link.9180.write.1.tlog
C:\cocos2d-2.0-x-2.0.2\SpaceVikings\proj.win32\Debug.win32\link.9180-cvtres.read.1.tlog
C:\cocos2d-2.0-x-2.0.2\SpaceVikings\proj.win32\Debug.win32\link.9180-cvtres.write.1.tlog
C:\cocos2d-2.0-x-2.0.2\SpaceVikings\proj.win32\Debug.win32\link.9212.read.1.tlog
C:\cocos2d-2.0-x-2.0.2\SpaceVikings\proj.win32\Debug.win32\link.9212.write.1.tlog
C:\cocos2d-2.0-x-2.0.2\SpaceVikings\proj.win32\Debug.win32\link.9212-cvtres.read.1.tlog
C:\cocos2d-2.0-x-2.0.2\SpaceVikings\proj.win32\Debug.win32\link.9212-cvtres.write.1.tlog
C:\cocos2d-2.0-x-2.0.2\SpaceVikings\proj.win32\Debug.win32\link.command.1.tlog
C:\cocos2d-2.0-x-2.0.2\SpaceVikings\proj.win32\Debug.win32\link.read.1.tlog
C:\cocos2d-2.0-x-2.0.2\SpaceVikings\proj.win32\Debug.win32\link.write.1.tlog
C:\cocos2d-2.0-x-2.0.2\SpaceVikings\proj.win32\Debug.win32\link-cvtres.read.1.tlog
C:\cocos2d-2.0-x-2.0.2\SpaceVikings\proj.win32\Debug.win32\link-cvtres.write.1.tlog
C:\COCOS2D-2.0-X-2.0.2\SPACEVIKINGS\PROJ.WIN32\DEBUG.WIN32\MAIN.OBJ
C:\cocos2d-2.0-x-2.0.2\SpaceVikings\proj.win32\Debug.win32\mt.command.1.tlog
C:\cocos2d-2.0-x-2.0.2\SpaceVikings\proj.win32\Debug.win32\mt.read.1.tlog
C:\cocos2d-2.0-x-2.0.2\SpaceVikings\proj.win32\Debug.win32\mt.write.1.tlog
C:\COCOS2D-2.0-X-2.0.2\SPACEVIKINGS\PROJ.WIN32\DEBUG.WIN32\OPTIONSMENU.OBJ
C:\COCOS2D-2.0-X-2.0.2\SPACEVIKINGS\PROJ.WIN32\DEBUG.WIN32\PLAYER.OBJ
C:\COCOS2D-2.0-X-2.0.2\SPACEVIKINGS\PROJ.WIN32\DEBUG.WIN32\PROJECTILE.OBJ
C:\cocos2d-2.0-x-2.0.2\SpaceVikings\proj.win32\Debug.win32\rc.command.1.tlog
C:\cocos2d-2.0-x-2.0.2\SpaceVikings\proj.win32\Debug.win32\rc.read.1.tlog
C:\cocos2d-2.0-x-2.0.2\SpaceVikings\proj.win32\Debug.win32\rc.write.1.tlog
C:\COCOS2D-2.0-X-2.0.2\SPACEVIKINGS\PROJ.WIN32\DEBUG.WIN32\SPACESCENE.OBJ
C:\COCOS2D-2.0-X-2.0.2\SPACEVIKINGS\PROJ.WIN32\DEBUG.WIN32\SPACEVIKINGS.RES
C:\COCOS2D-2.0-X-2.0.2\SPACEVIKINGS\PROJ.WIN32\DEBUG.WIN32\SPACEVIKINGS.WIN32.EXE.EMBED.MANIFEST
C:\COCOS2D-2.0-X-2.0.2\SPACEVIKINGS\PROJ.WIN32\DEBUG.WIN32\SPACEVIKINGS.WIN32.EXE.EMBED.MANIFEST.RES
C:\COCOS2D-2.0-X-2.0.2\SPACEVIKINGS\PROJ.WIN32\DEBUG.WIN32\SPACEVIKINGS.WIN32.EXE.INTERMEDIATE.MANIFEST
C:\cocos2d-2.0-x-2.0.2\SpaceVikings\proj.win32\Debug.win32\SpaceVikings.win32_manifest.rc
C:\COCOS2D-2.0-X-2.0.2\SPACEVIKINGS\PROJ.WIN32\DEBUG.WIN32\SPLASHSCENE.OBJ
C:\COCOS2D-2.0-X-2.0.2\SPACEVIKINGS\PROJ.WIN32\DEBUG.WIN32\STARTSCENE.OBJ
C:\COCOS2D-2.0-X-2.0.2\SPACEVIKINGS\PROJ.WIN32\DEBUG.WIN32\TACO.OBJ
C:\COCOS2D-2.0-X-2.0.2\SPACEVIKINGS\PROJ.WIN32\DEBUG.WIN32\UPGRADES.OBJ
C:\cocos2d-2.0-x-2.0.2\SpaceVikings\proj.win32\Debug.win32\vc100.idb
C:\COCOS2D-2.0-X-2.0.2\SPACEVIKINGS\PROJ.WIN32\DEBUG.WIN32\VC100.PDB
